<?xml version="1.0" encoding="UTF-8"?>
<testsuite name="tests.TagTests" tests="1" skipped="0" failures="0" errors="0" timestamp="2023-06-09T07:15:11" hostname="MacBook-Air.local" time="1.863">
  <properties/>
  <testcase name="Get a token" classname="tests.TagTests" time="1.863"/>
  <system-out><![CDATA[Request URI:	https://stand-qa-05-api.b2broker.tech/api/v2/signin
Body:
{
    "email": "dgrebenyuk@b2broker.com",
    "password": "admin"
}
{
    "2faRequired": false,
    "accessToken": {
        "token": "eyJ0eXAiOiJKV1QiLCJhbGciOiJSUzI1NiJ9.eyJpYXQiOjE2ODYyOTQ5MTMsIm5iZiI6MTY4NjI5NDkxMywiZXhwIjoxNjg2MzA0NTEzLCJpc3MiOiJodHRwczovL3N0YW5kLXFhLTA1LWFwaS5iMmJyb2tlci50ZWNoIiwic3ViIjoiOCIsImlhdF9tdCI6IjE2ODYyOTQ5MTMuMDMzNyJ9.S_AsSL8s2-3KxgREk2xvO9TEckO9QPTFfUaQWVV7HkB2LxOD8F8dkDVLTUXklO6nakCdOrhIueWsJWJFvfY4fIxHmXCvLBTnZGvPgBzsRQiCSDwo3tmCyXYWqLlryEqKc5kX2kOGbMbhs_tNp9uTrXNjVbNgENBH5NvjZl9a1ON5xP5iVRtkH23_QGW9YtzW-ergZ4KwZapIEm6H4Efq9o9MUYLqGDQzn04-chpzAGArMUk5qMrqfFfECRt94CPEiPJMObZGhXDumMq9C4p-QeMZ9B8JDrYO_zre0qJkS1JS4ZMvCkhKmc0DVX93Tr0i8TbSxahyAdaQyHyzBWoBDQ",
        "createdAt": "2023-06-09T07:15:13+00:00",
        "expiresAt": "2023-06-09T09:55:13+00:00"
    },
    "refreshToken": {
        "token": "eyJ0eXAiOiJKV1QiLCJhbGciOiJSUzI1NiJ9.eyJpYXQiOjE2ODYyOTQ5MTMsIm5iZiI6MTY4NjI5NDkxMywiZXhwIjoxNjg2MzA0NTEzLCJpc3MiOiJodHRwczovL3N0YW5kLXFhLTA1LWFwaS5iMmJyb2tlci50ZWNoIiwic3ViIjoiOCIsImlhdF9tdCI6IjE2ODYyOTQ5MTMuMDM3MyJ9.PY8KLClfrhKMXOHfF-UlNUiQ9_56BLp8CP3Um0FLflkCHgxQv1bQJRDWl5Js_3-JmlN237DkUCXzJ1wS6LVkqjnX5kGinYSMSWLOTjNhSrNgIn0Rk5qnPv-OW-xOu3M5KaZR1NhTcjPKcpzr7ylESVLt-bLYCl6mCE54PdyNyGyxdJg4IZUjsQue2pNrwGxsSmM_fxGCFLdjT3o7DWSeiBOUNYBPF_1DfzHcl6vPcGliM7InCzuOVuc8QdMTX5cYbl7UCBqKWxOwsY3VtmAiO7trOVnCPQRzCYfMOFbuYrkh_zW3bSgGLvUyywpb2Pw1d_ju-PnPTWGWatmMJpXwAA",
        "createdAt": "2023-06-09T07:15:13+00:00",
        "expiresAt": "2023-06-09T09:55:13+00:00"
    }
}
eyJ0eXAiOiJKV1QiLCJhbGciOiJSUzI1NiJ9.eyJpYXQiOjE2ODYyOTQ5MTMsIm5iZiI6MTY4NjI5NDkxMywiZXhwIjoxNjg2MzA0NTEzLCJpc3MiOiJodHRwczovL3N0YW5kLXFhLTA1LWFwaS5iMmJyb2tlci50ZWNoIiwic3ViIjoiOCIsImlhdF9tdCI6IjE2ODYyOTQ5MTMuMDMzNyJ9.S_AsSL8s2-3KxgREk2xvO9TEckO9QPTFfUaQWVV7HkB2LxOD8F8dkDVLTUXklO6nakCdOrhIueWsJWJFvfY4fIxHmXCvLBTnZGvPgBzsRQiCSDwo3tmCyXYWqLlryEqKc5kX2kOGbMbhs_tNp9uTrXNjVbNgENBH5NvjZl9a1ON5xP5iVRtkH23_QGW9YtzW-ergZ4KwZapIEm6H4Efq9o9MUYLqGDQzn04-chpzAGArMUk5qMrqfFfECRt94CPEiPJMObZGhXDumMq9C4p-QeMZ9B8JDrYO_zre0qJkS1JS4ZMvCkhKmc0DVX93Tr0i8TbSxahyAdaQyHyzBWoBDQ
]]></system-out>
  <system-err><![CDATA[]]></system-err>
</testsuite>
